<?xml version="1.0" encoding="UTF-8"?>
<!-- Generated by org.testng.reporters.JUnitReportReporter -->
<testsuite skipped="0" hostname="TRPRDWUE6GAU-L" name="com.qa.tests.NewGetAPITest" tests="3" failures="0" timestamp="02 Dec 2018 14:08:19 GMT" time="5.097" errors="0">
  <testcase name="verifyAPIHeadersPerPage" time="2.495" classname="com.qa.tests.NewGetAPITest"/>
  <testcase name="verifyAPIHeadersTotal" time="1.600" classname="com.qa.tests.NewGetAPITest"/>
  <testcase name="verfiyAPIStatusCode" time="1.002" classname="com.qa.tests.NewGetAPITest"/>
</testsuite> <!-- com.qa.tests.NewGetAPITest -->
