<?xml version="1.0" encoding="UTF-8"?>
<!-- Generated by org.testng.reporters.JUnitReportReporter -->
<testsuite skipped="0" hostname="TRPRDWUE6GAU-L" name="com.qa.resreq.tests.NewGetAPITest" tests="4" failures="0" timestamp="02 Dec 2018 16:55:19 GMT" time="3.943" errors="0">
  <testcase name="verifyAPIResponseTotal" time="0.686" classname="com.qa.resreq.tests.NewGetAPITest"/>
  <testcase name="verfiyAPIStatusCode" time="1.056" classname="com.qa.resreq.tests.NewGetAPITest"/>
  <testcase name="verifyAPIResponsePerPage" time="1.601" classname="com.qa.resreq.tests.NewGetAPITest"/>
  <testcase name="verifyAPIResponseArray" time="0.600" classname="com.qa.resreq.tests.NewGetAPITest"/>
</testsuite> <!-- com.qa.resreq.tests.NewGetAPITest -->
