<?xml version="1.0" encoding="UTF-8"?>
<!-- Generated by org.testng.reporters.JUnitReportReporter -->
<testsuite skipped="0" hostname="TRPRDWUE6GAU-L" name="com.qa.tests.GetAPITest" tests="1" failures="0" timestamp="01 Dec 2018 16:59:58 GMT" time="2.360" errors="0">
  <testcase name="getAPITest" time="2.360" classname="com.qa.tests.GetAPITest"/>
</testsuite> <!-- com.qa.tests.GetAPITest -->
