<?xml version="1.0" encoding="UTF-8"?>
<!-- Generated by org.testng.reporters.JUnitReportReporter -->
<testsuite skipped="0" hostname="TRPRDWUE6GAU-L" name="com.qa.resreq.tests.NewGetAPITest" tests="5" failures="0" timestamp="02 Dec 2018 15:16:37 GMT" time="4.728" errors="0">
  <testcase name="getJsonResponse" time="1.372" classname="com.qa.resreq.tests.NewGetAPITest"/>
  <testcase name="verfiyAPIStatusCode" time="0.786" classname="com.qa.resreq.tests.NewGetAPITest"/>
  <testcase name="verifyAPIResponseTotal" time="0.886" classname="com.qa.resreq.tests.NewGetAPITest"/>
  <testcase name="verifyAPIResponsePerPage" time="0.953" classname="com.qa.resreq.tests.NewGetAPITest"/>
  <testcase name="verifyAPIResponseArray" time="0.731" classname="com.qa.resreq.tests.NewGetAPITest"/>
</testsuite> <!-- com.qa.resreq.tests.NewGetAPITest -->
